<?xml version='1.0' encoding='UTF-8'?>
<testsuite hostname="PageWUs-MacBook-Air.local" name="raft.CommitEntrySpec" tests="1" errors="0" failures="0" skipped="0" time="0.003" timestamp="2025-05-14T21:00:36">
          <properties>
      <property name="java.specification.version" value="17"/><property name="sun.jnu.encoding" value="UTF-8"/><property name="sun.arch.data.model" value="64"/><property name="java.vendor.url" value="https://adoptium.net/"/><property name="sun.boot.library.path" value="/Users/pagewu/Library/Caches/Coursier/arc/https/github.com/adoptium/temurin17-binaries/releases/download/jdk-17.0.14%252B7/OpenJDK17U-jdk_aarch64_mac_hotspot_17.0.14_7.tar.gz/jdk-17.0.14+7/Contents/Home/lib"/><property name="sun.java.command" value="/Users/pagewu/Library/Caches/Coursier/arc/https/github.com/sbt/sbt/releases/download/v1.10.11/sbt-1.10.11.zip/sbt/bin/sbt-launch.jar test"/><property name="jdk.debug" value="release"/><property name="sun.stderr.encoding" value="UTF-8"/><property name="java.specification.vendor" value="Oracle Corporation"/><property name="java.version.date" value="2025-01-21"/><property name="java.home" value="/Users/pagewu/Library/Caches/Coursier/arc/https/github.com/adoptium/temurin17-binaries/releases/download/jdk-17.0.14%252B7/OpenJDK17U-jdk_aarch64_mac_hotspot_17.0.14_7.tar.gz/jdk-17.0.14+7/Contents/Home"/><property name="file.separator" value="/"/><property name="java.vm.compressedOopsMode" value="Zero based"/><property name="line.separator" value="
"/><property name="sun.stdout.encoding" value="UTF-8"/><property name="java.vm.specification.vendor" value="Oracle Corporation"/><property name="java.specification.name" value="Java Platform API Specification"/><property name="sun.management.compiler" value="HotSpot 64-Bit Tiered Compilers"/><property name="java.runtime.version" value="17.0.14+7"/><property name="user.name" value="pagewu"/><property name="log4j.ignoreTCL" value="true"/><property name="file.encoding" value="UTF-8"/><property name="java.vendor.version" value="Temurin-17.0.14+7"/><property name="java.io.tmpdir" value="/var/folders/k6/532x89vs5pb6w5twy9by4tl80000gn/T/"/><property name="java.version" value="17.0.14"/><property name="java.vm.specification.name" value="Java Virtual Machine Specification"/><property name="native.encoding" value="UTF-8"/><property name="java.library.path" value="/Users/pagewu/Library/Java/Extensions:/Library/Java/Extensions:/Network/Library/Java/Extensions:/System/Library/Java/Extensions:/usr/lib/java:."/><property name="java.vendor" value="Eclipse Adoptium"/><property name="java.specification.maintenance.version" value="1"/><property name="scala.ext.dirs" value="/Users/pagewu/.sbt/1.0/java9-rt-ext-eclipse_adoptium_17_0_14"/><property name="sun.io.unicode.encoding" value="UnicodeBig"/><property name="java.class.path" value="/Users/pagewu/Library/Caches/Coursier/arc/https/github.com/sbt/sbt/releases/download/v1.10.11/sbt-1.10.11.zip/sbt/bin/sbt-launch.jar"/><property name="java.vm.vendor" value="Eclipse Adoptium"/><property name="jline.shutdownhook" value="false"/><property name="user.timezone" value="America/New_York"/><property name="java.vm.specification.version" value="17"/><property name="os.name" value="Mac OS X"/><property name="sun.java.launcher" value="SUN_STANDARD"/><property name="user.country" value="US"/><property name="sun.cpu.endian" value="little"/><property name="user.home" value="/Users/pagewu"/><property name="user.language" value="en"/><property name="sbt.script" value="/Users/pagewu/Library/Caches/Coursier/arc/https/github.com/sbt/sbt/releases/download/v1.10.11/sbt-1.10.11.zip/sbt/bin/sbt"/><property name="sbt.ipcsocket.tmpdir" value="/var/folders/k6/532x89vs5pb6w5twy9by4tl80000gn/T/.sbt14eff2c2/ipcsocket"/><property name="swoval.tmpdir" value="/var/folders/k6/532x89vs5pb6w5twy9by4tl80000gn/T/.sbt14eff2c2/swoval"/><property name="jline.esc.timeout" value="0"/><property name="path.separator" value=":"/><property name="os.version" value="15.4.1"/><property name="jna.nosys" value="true"/><property name="java.runtime.name" value="OpenJDK Runtime Environment"/><property name="java.vm.name" value="OpenJDK 64-Bit Server VM"/><property name="java.vendor.url.bug" value="https://github.com/adoptium/adoptium-support/issues"/><property name="user.dir" value="/Users/pagewu/Documents/JasZ/CCI-DSMS/Spr_2025/cs647/raft"/><property name="os.arch" value="aarch64"/><property name="java.vm.info" value="mixed mode, sharing"/><property name="java.vm.version" value="17.0.14+7"/><property name="java.class.version" value="61.0"/>
    </properties>
          <testcase classname="raft.CommitEntrySpec" name="A Leader should advance commitIndex and apply entry after quorum Ack" time="0.003">
                      
                    </testcase>
          <system-out><![CDATA[]]></system-out>
          <system-err><![CDATA[]]></system-err>
        </testsuite>